<?xml version="1.0" encoding="UTF-8"?>
<testng-results ignored="0" total="5" passed="5" failed="0" skipped="0">
  <reporter-output>
  </reporter-output>
  <suite started-at="2019-01-02T09:15:39Z" name="Default suite" finished-at="2019-01-02T09:17:19Z" duration-ms="100115">
    <groups>
    </groups>
    <test started-at="2019-01-02T09:15:39Z" name="Default test" finished-at="2019-01-02T09:17:19Z" duration-ms="100115">
      <class name="in.dolna.qa.testcases.LoginPageTestCase">
        <test-method is-config="true" signature="setup()[pri:0, instance:in.dolna.qa.testcases.LoginPageTestCase@53976f5c]" started-at="2019-01-02T09:17:05Z" name="setup" finished-at="2019-01-02T09:17:19Z" duration-ms="13181" status="PASS">
          <reporter-output>
          </reporter-output>
        </test-method> <!-- setup -->
        <test-method signature="loginPageTitleTest()[pri:1, instance:in.dolna.qa.testcases.LoginPageTestCase@53976f5c]" started-at="2019-01-02T09:17:19Z" name="loginPageTitleTest" finished-at="2019-01-02T09:17:19Z" duration-ms="8" status="PASS">
          <reporter-output>
          </reporter-output>
        </test-method> <!-- loginPageTitleTest -->
        <test-method is-config="true" signature="tearDown()[pri:0, instance:in.dolna.qa.testcases.LoginPageTestCase@53976f5c]" started-at="2019-01-02T09:17:19Z" name="tearDown" finished-at="2019-01-02T09:17:19Z" duration-ms="837" status="PASS">
          <reporter-output>
          </reporter-output>
        </test-method> <!-- tearDown -->
      </class> <!-- in.dolna.qa.testcases.LoginPageTestCase -->
      <class name="in.dolna.qa.testcases.HomePageTestCases">
        <test-method is-config="true" signature="setup()[pri:0, instance:in.dolna.qa.testcases.HomePageTestCases@696da30b]" started-at="2019-01-02T09:15:39Z" name="setup" finished-at="2019-01-02T09:16:01Z" duration-ms="21146" status="PASS">
          <reporter-output>
          </reporter-output>
        </test-method> <!-- setup -->
        <test-method signature="verifyHomePageTitleTest()[pri:0, instance:in.dolna.qa.testcases.HomePageTestCases@696da30b]" started-at="2019-01-02T09:16:01Z" name="verifyHomePageTitleTest" finished-at="2019-01-02T09:16:01Z" duration-ms="22" status="PASS">
          <reporter-output>
          </reporter-output>
        </test-method> <!-- verifyHomePageTitleTest -->
        <test-method is-config="true" signature="teardown()[pri:0, instance:in.dolna.qa.testcases.HomePageTestCases@696da30b]" started-at="2019-01-02T09:16:01Z" name="teardown" finished-at="2019-01-02T09:16:02Z" duration-ms="984" status="PASS">
          <reporter-output>
          </reporter-output>
        </test-method> <!-- teardown -->
        <test-method is-config="true" signature="setup()[pri:0, instance:in.dolna.qa.testcases.HomePageTestCases@696da30b]" started-at="2019-01-02T09:16:02Z" name="setup" finished-at="2019-01-02T09:16:21Z" duration-ms="19540" status="PASS">
          <reporter-output>
          </reporter-output>
        </test-method> <!-- setup -->
        <test-method signature="verifyUserTitleTest()[pri:0, instance:in.dolna.qa.testcases.HomePageTestCases@696da30b]" started-at="2019-01-02T09:16:21Z" name="verifyUserTitleTest" finished-at="2019-01-02T09:16:21Z" duration-ms="66" status="PASS">
          <reporter-output>
          </reporter-output>
        </test-method> <!-- verifyUserTitleTest -->
        <test-method is-config="true" signature="teardown()[pri:0, instance:in.dolna.qa.testcases.HomePageTestCases@696da30b]" started-at="2019-01-02T09:16:21Z" name="teardown" finished-at="2019-01-02T09:16:22Z" duration-ms="1009" status="PASS">
          <reporter-output>
          </reporter-output>
        </test-method> <!-- teardown -->
        <test-method is-config="true" signature="setup()[pri:0, instance:in.dolna.qa.testcases.HomePageTestCases@696da30b]" started-at="2019-01-02T09:16:22Z" name="setup" finished-at="2019-01-02T09:16:43Z" duration-ms="20625" status="PASS">
          <reporter-output>
          </reporter-output>
        </test-method> <!-- setup -->
        <test-method signature="verifyclickContactTest()[pri:0, instance:in.dolna.qa.testcases.HomePageTestCases@696da30b]" started-at="2019-01-02T09:16:43Z" name="verifyclickContactTest" finished-at="2019-01-02T09:16:44Z" duration-ms="1661" status="PASS">
          <reporter-output>
          </reporter-output>
        </test-method> <!-- verifyclickContactTest -->
        <test-method is-config="true" signature="teardown()[pri:0, instance:in.dolna.qa.testcases.HomePageTestCases@696da30b]" started-at="2019-01-02T09:16:44Z" name="teardown" finished-at="2019-01-02T09:16:46Z" duration-ms="1199" status="PASS">
          <reporter-output>
          </reporter-output>
        </test-method> <!-- teardown -->
      </class> <!-- in.dolna.qa.testcases.HomePageTestCases -->
      <class name="in.dolna.qa.testcases.ContactPageTestCase">
        <test-method is-config="true" signature="setup()[pri:0, instance:in.dolna.qa.testcases.ContactPageTestCase@4e7912d8]" started-at="2019-01-02T09:16:46Z" name="setup" finished-at="2019-01-02T09:17:05Z" duration-ms="18908" status="PASS">
          <reporter-output>
          </reporter-output>
        </test-method> <!-- setup -->
        <test-method signature="verifyTitleTest()[pri:1, instance:in.dolna.qa.testcases.ContactPageTestCase@4e7912d8]" started-at="2019-01-02T09:17:05Z" name="verifyTitleTest" finished-at="2019-01-02T09:17:05Z" duration-ms="5" status="PASS">
          <reporter-output>
          </reporter-output>
        </test-method> <!-- verifyTitleTest -->
        <test-method is-config="true" signature="teardown()[pri:0, instance:in.dolna.qa.testcases.ContactPageTestCase@4e7912d8]" started-at="2019-01-02T09:17:05Z" name="teardown" finished-at="2019-01-02T09:17:05Z" duration-ms="885" status="PASS">
          <reporter-output>
          </reporter-output>
        </test-method> <!-- teardown -->
      </class> <!-- in.dolna.qa.testcases.ContactPageTestCase -->
    </test> <!-- Default test -->
  </suite> <!-- Default suite -->
</testng-results>
