<?xml version="1.0" encoding="UTF-8"?>
<!-- Generated by org.testng.reporters.JUnitXMLReporter -->
<testsuite ignored="0" hostname="SCTL-BA-I3-14" failures="0" tests="3" name="in.dolna.qa.testcases" time="73.655" errors="0" timestamp="31 Dec 2018 12:01:29 GMT">
  <testcase classname="in.dolna.qa.testcases.HomePageTestCases" name="verifyHomePageTitleTest" time="0.011"/>
  <testcase classname="in.dolna.qa.testcases.HomePageTestCases" name="verifyUserTitleTest" time="0.078"/>
  <testcase classname="in.dolna.qa.testcases.HomePageTestCases" name="verifyclickContactTest" time="1.486"/>
</testsuite> <!-- in.dolna.qa.testcases -->
