<?xml version="1.0" encoding="UTF-8"?>
<!-- Generated by org.testng.reporters.JUnitXMLReporter -->
<testsuite ignored="0" hostname="SCTL-BA-I3-14" failures="0" tests="5" name="Default test" time="100.115" errors="0" timestamp="02 Jan 2019 09:17:20 GMT">
  <testcase classname="in.dolna.qa.testcases.HomePageTestCases" name="verifyHomePageTitleTest" time="0.022"/>
  <testcase classname="in.dolna.qa.testcases.HomePageTestCases" name="verifyUserTitleTest" time="0.066"/>
  <testcase classname="in.dolna.qa.testcases.HomePageTestCases" name="verifyclickContactTest" time="1.661"/>
  <testcase classname="in.dolna.qa.testcases.ContactPageTestCase" name="verifyTitleTest" time="0.005"/>
  <testcase classname="in.dolna.qa.testcases.LoginPageTestCase" name="loginPageTitleTest" time="0.008"/>
</testsuite> <!-- Default test -->
